<?xml version="1.0" encoding="UTF-8"?>
<!-- Generated by org.testng.reporters.JUnitReportReporter -->
<testsuite hostname="AARTHI" failures="0" tests="1" name="MavenProject.googleTitleCheck" time="5.846" errors="0" timestamp="2021-06-27T01:09:12 EDT" skipped="0">
  <testcase classname="MavenProject.googleTitleCheck" name="titleCheck" time="5.846"/>
  <system-out/>
</testsuite> <!-- MavenProject.googleTitleCheck -->
