<?xml version="1.0" encoding="UTF-8"?>
<!-- Generated by org.testng.reporters.JUnitReportReporter -->
<testsuite hostname="AARTHI" failures="0" tests="1" name="MavenProject.gmailLoginCheck" time="11.558" errors="0" timestamp="2021-06-27T01:09:12 EDT" skipped="0">
  <testcase classname="MavenProject.gmailLoginCheck" name="loginCheck" time="11.558"/>
  <system-out/>
</testsuite> <!-- MavenProject.gmailLoginCheck -->
