<?xml version="1.0" encoding="UTF-8"?>
<!-- Generated by org.testng.reporters.JUnitReportReporter -->
<testsuite hostname="AARTHI" failures="0" tests="1" name="MavenProject.googleTitleCheck" time="11.239" errors="0" timestamp="2021-07-12T02:33:00 EDT" skipped="0">
  <testcase classname="MavenProject.googleTitleCheck" name="titleCheck" time="11.239"/>
  <system-out/>
</testsuite> <!-- MavenProject.googleTitleCheck -->
